1561667888347	mozrunner::runner	INFO	Running command: "C:\\Program Files\\Mozilla Firefox\\firefox.exe" "-marionette" "-foreground" "-no-remote" "-profile" "C:\\Users\\JIROMI~1\\AppData\\Local\\Temp\\rust_mozprofile.pwV9jIxzxQ7w"
1561667889160	addons.webextension.screenshots@mozilla.org	WARN	Loading extension 'screenshots@mozilla.org': Reading manifest: Invalid extension permission: mozillaAddons
1561667889161	addons.webextension.screenshots@mozilla.org	WARN	Loading extension 'screenshots@mozilla.org': Reading manifest: Invalid extension permission: resource://pdf.js/
1561667889161	addons.webextension.screenshots@mozilla.org	WARN	Loading extension 'screenshots@mozilla.org': Reading manifest: Invalid extension permission: about:reader*
1561667891646	Marionette	INFO	Listening on port 64294
1561667891714	Marionette	WARN	TLS certificate errors will be ignored for this session
JavaScript error: , line 0: NotAllowedError: The play method is not allowed by the user agent or the platform in the current context, possibly because the user denied permission.
[Parent 14344, Gecko_IOThread] WARNING: pipe error: 109: file z:/task_1560988636/build/src/ipc/chromium/src/chrome/common/ipc_channel_win.cc, line 341
[Parent 14344, Gecko_IOThread] WARNING: pipe error: 109: file z:/task_1560988636/build/src/ipc/chromium/src/chrome/common/ipc_channel_win.cc, line 341
[Child 10268, Chrome_ChildThread] WARNING: pipe error: 109: file z:/task_1560988636/build/src/ipc/chromium/src/chrome/common/ipc_channel_win.cc, line 341
###!!! [Child][MessageChannel] Error: (msgtype=0x530005,name=PHttpChannel::Msg_Cancel) Closed channel: cannot send/recv



###!!! [Child][MessageChannel] Error: (msgtype=0x530005,name=PHttpChannel::Msg_Cancel) Closed channel: cannot send/recv


###!!! [Child][MessageChannel] Error: (msgtype=0x530005,name=PHttpChannel::Msg_Cancel) Closed channel: cannot send/recv


###!!! [Child][MessageChannel] Error: (msgtype=0x530005,name=PHttpChannel::Msg_Cancel) Closed channel: cannot send/recv


###!!! [Child][MessageChannel] Error: (msgtype=0x530005,name=PHttpChannel::Msg_Cancel) Closed channel: cannot send/recv

[Parent 14344, Gecko_IOThread] WARNING: pipe error: 109: file z:/task_1560988636/build/src/ipc/chromium/src/chrome/common/ipc_channel_win.cc, line 341
1561667927854	Marionette	INFO	Stopped listening on port 64294

###!!! [Child][RunMessage] Error: Channel closing: too late to send/recv, messages will be lost

[GPU 10228, Chrome
###!!! [Child][MessageChannel::SendAndWait] Error: Channel error: cannot send/recv

1561668090429	mozrunner::runner	INFO	Running command: "C:\\Program Files\\Mozilla Firefox\\firefox.exe" "-marionette" "-foreground" "-no-remote" "-profile" "C:\\Users\\JIROMI~1\\AppData\\Local\\Temp\\rust_mozprofile.PKcFVlaw2Kfm"
1561668091149	addons.webextension.screenshots@mozilla.org	WARN	Loading extension 'screenshots@mozilla.org': Reading manifest: Invalid extension permission: mozillaAddons
1561668091149	addons.webextension.screenshots@mozilla.org	WARN	Loading extension 'screenshots@mozilla.org': Reading manifest: Invalid extension permission: resource://pdf.js/
1561668091149	addons.webextension.screenshots@mozilla.org	WARN	Loading extension 'screenshots@mozilla.org': Reading manifest: Invalid extension permission: about:reader*
1561668092968	Marionette	INFO	Listening on port 64607
1561668093158	Marionette	WARN	TLS certificate errors will be ignored for this session
[Parent 15656, Gecko_IOThread] WARNING: pipe error: 109: file z:/task_1560988636/build/src/ipc/chromium/src/chrome/common/ipc_channel_win.cc, line 341
[Parent 15656, Gecko_IOThread] WARNING: pipe error: 109: file z:/task_1560988636/build/src/ipc/chromium/src/chrome/common/ipc_channel_win.cc, line 341
JavaScript error: resource://gre/modules/WebProgressChild.jsm, line 61: TypeError: this.mm.content is null
[Parent 15656, Gecko_IOThread] WARNING: pipe error: 109: file z:/task_1560988636/build/src/ipc/chromium/src/chrome/common/ipc_channel_win.cc, line 341
[Child 12848, Chrome_ChildThread] WARNING: pipe error: 109: file z:/task_1560988636/build/src/ip[Parent 15656, Gecko_IOThread] WARNING: pipe error: 109: file z:/task_1560988636/build/src/ipc/chromium/src/chrome/common/ipc_channel_win.cc, line 341
[Child 1084, Chrome_ChildThread] WARNING: pipe error: 109: file z:/task_1560988636/build/src/ipc/chromium/src/chrome/common/ipc_channel_win.cc, line 341
[Child 101561668234324	Marionette	INFO	Stopped listening on port 64607
[GPU 15280, 
###!!! [Child][MessageChannel::SendAndWait] Error: Channel error: cannot send/recv

1561668380985	mozrunner::runner	INFO	Running command: "C:\\Program Files\\Mozilla Firefox\\firefox.exe" "-marionette" "-foreground" "-no-remote" "-profile" "C:\\Users\\JIROMI~1\\AppData\\Local\\Temp\\rust_mozprofile.iu18s2029kz5"
1561668381726	addons.webextension.screenshots@mozilla.org	WARN	Loading extension 'screenshots@mozilla.org': Reading manifest: Invalid extension permission: mozillaAddons
1561668381726	addons.webextension.screenshots@mozilla.org	WARN	Loading extension 'screenshots@mozilla.org': Reading manifest: Invalid extension permission: resource://pdf.js/
1561668381726	addons.webextension.screenshots@mozilla.org	WARN	Loading extension 'screenshots@mozilla.org': Reading manifest: Invalid extension permission: about:reader*
1561668383625	Marionette	INFO	Listening on port 54386
1561668383701	Marionette	WARN	TLS certificate errors will be ignored for this session
JavaScript error: , line 0: NotAllowedError: The play method is not allowed by the user agent or the platform in the current context, possibly because the user denied permission.
[Child 13844, Chrome_ChildThread] WARNING: pipe error: 109: file z:/task_1560988636/build/src/ipc/chromium/src/chrome/common/ipc_channel_win.cc, line 341
[Child 13844, Chrome_ChildThread] WARNING: pipe error: 109: file z:/task_1560988636/build/src/ipc/chromium/src/chrome/common/ipc_channel_win.cc, line 341
[Child 8584, Chrome_ChildThread] WARNING: pipe error: 109: file z:/task_1560988636/build/src/ipc/chromium/src/chrome/common/ipc_channel_win.cc, line 341

###!!! [Child][MessageChannel] Error: (msgtype=0x530005,name=PHttpChannel::Msg_Cancel) Closed channel: cannot send/recv


###!!! [Child][MessageChannel] Error: (msgtype=0x530005,name=PHttpChannel::Msg_Cancel) Closed channel: cannot send/recv


###!!! [Child][MessageChannel] Error: (msgtype=0x530005,name=PHttpChannel::Msg_Cancel) Closed channel: cannot send/recv


###!!! [Child][MessageChannel] Error: (msgtype=0x530005,name=PHttpChannel::Msg_Cancel) Closed channel: cannot send/recv

[Parent 2976, Gecko_IOThread] WARNING: pipe error: 109: file z:/task_1560988636/build/src/ipc/chromium/src/chrome/common/ipc_channel_win.cc, line 341
[Child 7224, Chrome_ChildThread] WARNING: pipe error: 109: file z:/task_1560988636/build/src/ipc/chromium/src/chrome/common/ipc_channel_win.cc, line 341
[Child 7224, Chrome1561668416341	Marionette	INFO	Stopped listening on port 54386

###!!! [Child][RunMessage] Error: Channel closing: too late to send/recv, messages will be lost

[GPU 1172, C
###!!! [Child][MessageChannel::SendAndWait] Error: Channel error: cannot send/recv

1561668420599	mozrunner::runner	INFO	Running command: "C:\\Program Files\\Mozilla Firefox\\firefox.exe" "-marionette" "-foreground" "-no-remote" "-profile" "C:\\Users\\JIROMI~1\\AppData\\Local\\Temp\\rust_mozprofile.k6P2uOwu9Bqb"
1561668421292	addons.webextension.screenshots@mozilla.org	WARN	Loading extension 'screenshots@mozilla.org': Reading manifest: Invalid extension permission: mozillaAddons
1561668421292	addons.webextension.screenshots@mozilla.org	WARN	Loading extension 'screenshots@mozilla.org': Reading manifest: Invalid extension permission: resource://pdf.js/
1561668421292	addons.webextension.screenshots@mozilla.org	WARN	Loading extension 'screenshots@mozilla.org': Reading manifest: Invalid extension permission: about:reader*
1561668422977	Marionette	INFO	Listening on port 54720
1561668423327	Marionette	WARN	TLS certificate errors will be ignored for this session
[Parent 11512, Gecko_IOThread] WARNING: pipe error: 109: file z:/task_1560988636/build/src/ipc/chromium/src/chrome/common/ipc_channel_win.cc, line 341
[Parent 11512, Gecko_IOThread] WARNING: pipe error: 109: file z:/task_1560988636/build/src/ipc/chromium/src/chrome/common/ipc_channel_win.cc, line 341

###!!! [Child][MessageChannel] Error: (msgtype=0x530005,name=PHttpChannel::Msg_Cancel) Closed channel: cannot send/recv

[Child 7400, Chrome_ChildThread] WARNING: pipe error: 109: file z:/task_1560988636/build/src/ipc/chromium/src/chrome/common/ipc_channel_win.cc, line
###!!! [Child][MessageChannel] Error: (msgtype=0x530005,name=PHttpChannel::Msg_Cancel) Closed channel: cannot send/recv

 341

###!!! [Child][MessageChannel] Error: (msgtype=0x530005,name=PHttpChannel::Msg_Cancel) Closed channel: cannot send/recv


###!!! [Child][MessageChannel] Error: (msgtype=0x530005,name=PHttpChannel::Msg_Cancel) Closed channel: cannot send/recv


###!!! [Child][MessageChannel] Error: (msgtype=0x530005,name=PHttpChannel::Msg_Cancel) Closed channel: cannot send/recv

[Parent 11512, Gecko_IOThread] WARNING: pipe error: 109: file z:/task_1560988636/build/src/ipc/chromium/src/chrome/common/ipc_channel_win.cc, line 341
[Child 10472, Chrome_ChildThread] WARNING: pipe error: 109: file z:/task_1560988636/build/src/ipc/chromium/src/chrome/common/ipc_channel_win.cc, line 341
[Child 11561668482501	Marionette	INFO	Stopped listening on port 54720

###!!! [Child][RunMessage] Error: Channel closing: too late to send/recv, messages will be lost

[GPU 16
###!!! [Child][MessageChannel::SendAndWait] Error: Channel error: cannot send/recv

1561668626875	mozrunner::runner	INFO	Running command: "C:\\Program Files\\Mozilla Firefox\\firefox.exe" "-marionette" "-foreground" "-no-remote" "-profile" "C:\\Users\\JIROMI~1\\AppData\\Local\\Temp\\rust_mozprofile.qh6cg2iQrsin"
1561668627277	addons.webextension.screenshots@mozilla.org	WARN	Loading extension 'screenshots@mozilla.org': Reading manifest: Invalid extension permission: mozillaAddons
1561668627277	addons.webextension.screenshots@mozilla.org	WARN	Loading extension 'screenshots@mozilla.org': Reading manifest: Invalid extension permission: resource://pdf.js/
1561668627277	addons.webextension.screenshots@mozilla.org	WARN	Loading extension 'screenshots@mozilla.org': Reading manifest: Invalid extension permission: about:reader*
1561668629007	Marionette	INFO	Listening on port 55082
1561668629089	Marionette	WARN	TLS certificate errors will be ignored for this session
JavaScript error: , line 0: NotAllowedError: The play method is not allowed by the user agent or the platform in the current context, possibly because the user denied permission.
1561668638602	Marionette	WARN	TimedPromise timed out after 500 ms: stacktrace:
bail@chrome://marionette/content/sync.js:223:64
1561668639733	Marionette	WARN	TimedPromise timed out after 500 ms: stacktrace:
bail@chrome://marionette/content/sync.js:223:64
1561668640745	Marionette	WARN	TimedPromise timed out after 500 ms: stacktrace:
bail@chrome://marionette/content/sync.js:223:64
[Parent 1352, Gecko_IOThread] WARNING: pipe error: 109: file z:/task_1560988636/build/src/ipc/chromium/src/chrome/common/ipc_channel_win.cc, line 341
1561668647686	Marionette	INFO	Stopped listening on port 55082
[Parent 1352, Gecko_IOThread] WARNING: pipe error: 109: file z:/task_1560988636/build/src/ipc/chromium/src/chrome/common/ipc_channel_win.cc, line 341
[Child 10444, Chrome_ChildThread] WARNING: pipe error: 109: file z:/task_1560988636/build/src/ipc/chromium/src/chrome/common/ipc_channel_win.cc, line 341
[Child 10444, Chrome_ChildThread] WARNING: [Parent 1352, Gecko_IOThread] WARNING: pipe error: 109: file z:/task_1560988636/build/src/ipc/chromium/src/chrome/common/ipc_channel_win.cc, line 341
JavaScript error: resource://gre/modules/WebProgressChild.jsm, line 61: TypeError: this.mm.content is null
[Parent 1352, Gecko_IOThread] WARNING: pipe error: 109: file z:/task_1560988636/build/src/ipc/chromium/src/chrome/common/ipc_channel_win.cc, line 341
[Child 12144, Chrome_ChildThread] WARNING: pipe error: 109: file z:/task_1560988636/build/src/ipc/chromium/src/chrome/common/ipc_channel_win.cc, line 341
[Parent 1352, Gecko_IOThread] WARNING: pipe error: 109: file z:/task_1560988636/build/src/ipc/chromium/src/chrome/common/ipc_channel_win.cc, line 341
[Child 11404, Chrome_ChildThread] WARNING: pipe error: 109: file z:/task_1560988636/build/src/ipc/chromium/src/chrome/common/ipc_channel_win.cc, line 341
[Child 11404, [GPU 13548, C
###!!! [Child][RunMessage] Error: Channel closing: too late to send/recv, messages will be lost


###!!! [Child][MessageChannel::SendAndWait] Error: Channel error: cannot send/recv

1561668832536	mozrunner::runner	INFO	Running command: "C:\\Program Files\\Mozilla Firefox\\firefox.exe" "-marionette" "-foreground" "-no-remote" "-profile" "C:\\Users\\JIROMI~1\\AppData\\Local\\Temp\\rust_mozprofile.Gne3nfBxbzuU"
1561668832931	addons.webextension.screenshots@mozilla.org	WARN	Loading extension 'screenshots@mozilla.org': Reading manifest: Invalid extension permission: mozillaAddons
1561668832931	addons.webextension.screenshots@mozilla.org	WARN	Loading extension 'screenshots@mozilla.org': Reading manifest: Invalid extension permission: resource://pdf.js/
1561668832931	addons.webextension.screenshots@mozilla.org	WARN	Loading extension 'screenshots@mozilla.org': Reading manifest: Invalid extension permission: about:reader*
1561668834756	Marionette	INFO	Listening on port 55287
1561668835257	Marionette	WARN	TLS certificate errors will be ignored for this session
console.error: BroadcastService: 
  receivedBroadcastMessage: handler for
  remote-settings/monitor_changes
  threw error:
  Message: Error: Polling for changes failed: http://%(server)s/dummy/blocklist//buckets/monitor/collections/changes/records?_expected=%221561626172388%22 is not a valid URL..
  Stack:
    remoteSettingsFunction/remoteSettings.pollChanges@resource://services-settings/remote-settings.js:203:13

JavaScript error: https://s0.2mdn.net/ads/richmedia/studio/pv2/60737506/20190225084616577/index.html?e=69&renderingType=2&leftOffset=0&topOffset=0&c=fwlJTPgSqA&t=4 line 28 > scriptElement, line 163: TypeError: document.querySelector(...) is null
JavaScript error: https://s0.2mdn.net/ads/richmedia/studio/pv2/60737506/20190225084616577/index.html?e=69&renderingType=2&leftOffset=0&topOffset=0&c=fwlJTPgSqA&t=4 line 28 > scriptElement, line 163: TypeError: document.querySelector(...) is null
JavaScript error: https://s0.2mdn.net/ads/richmedia/studio/pv2/60737506/20190225084616577/index.html?e=69&renderingType=2&leftOffset=0&topOffset=0&c=fwlJTPgSqA&t=4 line 28 > scriptElement, line 163: TypeError: document.querySelector(...) is null
JavaScript error: https://s0.2mdn.net/ads/richmedia/studio/pv2/60737506/20190225084616577/index.html?e=69&renderingType=2&leftOffset=0&topOffset=0&c=fwlJTPgSqA&t=4 line 28 > scriptElement, line 163: TypeError: document.querySelector(...) is null
JavaScript error: https://s0.2mdn.net/ads/richmedia/studio/pv2/60737506/20190225084616577/index.html?e=69&renderingType=2&leftOffset=0&topOffset=0&c=fwlJTPgSqA&t=4 line 28 > scriptElement, line 163: TypeError: document.querySelector(...) is null
JavaScript error: https://s0.2mdn.net/ads/richmedia/studio/pv2/60737506/20190225084616577/index.html?e=69&renderingType=2&leftOffset=0&topOffset=0&c=fwlJTPgSqA&t=4 line 28 > scriptElement, line 163: TypeError: document.querySelector(...) is null
JavaScript error: https://s0.2mdn.net/ads/richmedia/studio/pv2/60737506/20190225084616577/index.html?e=69&renderingType=2&leftOffset=0&topOffset=0&c=fwlJTPgSqA&t=4 line 28 > scriptElement, line 163: TypeError: document.querySelector(...) is null
JavaScript error: https://s0.2mdn.net/ads/richmedia/studio/pv2/60737506/20190225084616577/index.html?e=69&renderingType=2&leftOffset=0&topOffset=0&c=fwlJTPgSqA&t=4 line 28 > scriptElement, line 163: TypeError: document.querySelector(...) is null
JavaScript error: https://s0.2mdn.net/ads/richmedia/studio/pv2/60737506/20190225084616577/index.html?e=69&renderingType=2&leftOffset=0&topOffset=0&c=fwlJTPgSqA&t=4 line 28 > scriptElement, line 163: TypeError: document.querySelector(...) is null
JavaScript error: https://s0.2mdn.net/ads/richmedia/studio/pv2/60737506/20190225084616577/index.html?e=69&renderingType=2&leftOffset=0&topOffset=0&c=fwlJTPgSqA&t=4 line 28 > scriptElement, line 163: TypeError: document.querySelector(...) is null
JavaScript error: https://s0.2mdn.net/ads/richmedia/studio/pv2/60737506/20190225084616577/index.html?e=69&renderingType=2&leftOffset=0&topOffset=0&c=fwlJTPgSqA&t=4 line 28 > scriptElement, line 163: TypeError: document.querySelector(...) is null
JavaScript error: https://s0.2mdn.net/ads/richmedia/studio/pv2/60737506/20190225084616577/index.html?e=69&renderingType=2&leftOffset=0&topOffset=0&c=fwlJTPgSqA&t=4 line 28 > scriptElement, line 163: TypeError: document.querySelector(...) is null
JavaScript error: resource://gre/modules/WebProgressChild.jsm, line 61: TypeError: this.mm.content is null

###!!! [Child][MessageChannel] Error: (msgtype=0x610027,name=PNecko::Msg_RemoveRequestContext) Channel closing: too late to send/recv, messages will be lost


###!!! [Child][RunMessage] Error: Channel closing: too late to send/recv, messages will be lost


###!!! [Child][MessageChannel] Error: (msgtype=0x530005,name=PHttpChannel::Msg_Cancel) Closed channel: cannot send/recv

[Child 9184, Chrome_ChildThread] WARNING: pipe error: 109: file z:/task_1560988636/build/src/ipc/chromium/src/chrome/common/ipc_channel_win.cc, line 341
[Child 9184, Chrome_ChildThread] WARNING: pipe error1561668898693	Marionette	INFO	Stopped listening on port 55287

###!!! [Child][RunMessage] Error: Channel closing: too late to send/recv, messages will be lost

[GPU 10
###!!! [Child][MessageChannel::SendAndWait] Error: Channel error: cannot send/recv

1561668912867	mozrunner::runner	INFO	Running command: "C:\\Program Files\\Mozilla Firefox\\firefox.exe" "-marionette" "-foreground" "-no-remote" "-profile" "C:\\Users\\JIROMI~1\\AppData\\Local\\Temp\\rust_mozprofile.JwKEctfV9oyQ"
1561668913254	addons.webextension.screenshots@mozilla.org	WARN	Loading extension 'screenshots@mozilla.org': Reading manifest: Invalid extension permission: mozillaAddons
1561668913255	addons.webextension.screenshots@mozilla.org	WARN	Loading extension 'screenshots@mozilla.org': Reading manifest: Invalid extension permission: resource://pdf.js/
1561668913255	addons.webextension.screenshots@mozilla.org	WARN	Loading extension 'screenshots@mozilla.org': Reading manifest: Invalid extension permission: about:reader*
1561668914973	Marionette	INFO	Listening on port 55708
1561668914991	Marionette	WARN	TLS certificate errors will be ignored for this session
JavaScript error: , line 0: NotAllowedError: The play method is not allowed by the user agent or the platform in the current context, possibly because the user denied permission.
1561668925041	Marionette	WARN	TimedPromise timed out after 500 ms: stacktrace:
bail@chrome://marionette/content/sync.js:223:64
1561668926189	Marionette	WARN	TimedPromise timed out after 500 ms: stacktrace:
bail@chrome://marionette/content/sync.js:223:64
1561668934065	Marionette	INFO	Stopped listening on port 55708
[Parent 9480, Gecko_IOThread] WARNING: pipe error: 109: file z:/task_1560988636/build/src/ipc/chromium/src/chrome/common/ipc_channel_win.cc, line 341
[Child 3304, Chrome_ChildThread] WARNING: pipe error: 109: file z:/task_1560988636/build/src/ipc/chromium/src/chrome/common/ipc_channel_win.cc, line 341
[Child 3304, Chrome_ChildThread] WARNING: pipe error: 109: file z:/task_1560988636/build/src/ipc/chromium/src/chrome/common/ipc_channel_win.cc, line 34[Parent 9480, Gecko_IOThread] WARNING: pipe error: 109: file z:/task_1560988636/build/src/ipc/chromium/src/chrome/common/ipc_channel_win.cc, line 341
[Parent 9480, Gecko_IOThread] WARNING: pipe error: 109: file z:/task_1560988636/build/src/ipc/chromium/src/chrome/common/ipc_channel_win.cc, line 341
JavaScript error: resource://gre/modules/WebProgressChild.jsm, line 61: TypeError: this.mm.content is null
[Parent 9480, Gecko_IOThread] WARNING: pipe error: 109: file z:/task_1560988636/build/src/ipc/chromium/src/chrome/common/ipc_channel_win.cc, line 341
[Child 2756, Chrome_ChildThread] WARNING: pipe error: 109: file z:/task_1560988636/build/src/ipc/chromium/src/chrome/common/ipc_channel_win.cc, line 341
[Child 2756, Chrome_ChildThread] WARNING: pipe error: 109: file z:/task_1560988636/build/src/ipc/chromium/src/chrome/common/ipc_channel_win.cc, line 341

###!!! [Child][RunMessage] Error: Channel closing: too late to send/recv, messages will be lost


###!!! [Child][MessageChannel] Error: (msgtype=0x530005,name=PHttpChannel::Msg_Cancel) Closed channel: cannot send/recv


###!!! [Child][MessageChannel] Error: (msgtype=0x530005,name=PHttpChannel::Msg_Cancel) Closed channel: cannot send/recv

[Parent 9480, Gecko_IOThread] WARNING: pipe error: 109: file z:/task_1560988636/build/src/ipc/chromium/src/chrome/common/ipc_channel_win.cc, line 341
[Child 16872, Chrome_ChildThread] WARNING: pipe error: 109: file z:/task_1560988636/build/src/ipc/chromium/src/chrome/common/ipc_channel_win.cc, line 341

###!!! [Child][RunMessage] Error: Channel closing: too late to send/recv, messages will be lost

[GPU 13428, Chrome_Ch
###!!! [Child][MessageChannel::SendAndWait] Error: Channel error: cannot send/recv

1561669193515	mozrunner::runner	INFO	Running command: "C:\\Program Files\\Mozilla Firefox\\firefox.exe" "-marionette" "-foreground" "-no-remote" "-profile" "C:\\Users\\JIROMI~1\\AppData\\Local\\Temp\\rust_mozprofile.ueS7rRzR2cE4"
1561669193905	addons.webextension.screenshots@mozilla.org	WARN	Loading extension 'screenshots@mozilla.org': Reading manifest: Invalid extension permission: mozillaAddons
1561669193905	addons.webextension.screenshots@mozilla.org	WARN	Loading extension 'screenshots@mozilla.org': Reading manifest: Invalid extension permission: resource://pdf.js/
1561669193905	addons.webextension.screenshots@mozilla.org	WARN	Loading extension 'screenshots@mozilla.org': Reading manifest: Invalid extension permission: about:reader*
1561669195633	Marionette	INFO	Listening on port 55968
1561669195730	Marionette	WARN	TLS certificate errors will be ignored for this session
JavaScript error: , line 0: NotAllowedError: The play method is not allowed by the user agent or the platform in the current context, possibly because the user denied permission.
1561669208233	Marionette	WARN	TimedPromise timed out after 500 ms: stacktrace:
bail@chrome://marionette/content/sync.js:223:64
1561669210430	Marionette	WARN	TimedPromise timed out after 500 ms: stacktrace:
bail@chrome://marionette/content/sync.js:223:64
1561669211696	Marionette	WARN	TimedPromise timed out after 500 ms: stacktrace:
bail@chrome://marionette/content/sync.js:223:64
console.error: BroadcastService: 
  receivedBroadcastMessage: handler for
  remote-settings/monitor_changes
  threw error:
  Message: Error: Polling for changes failed: http://%(server)s/dummy/blocklist//buckets/monitor/collections/changes/records?_expected=%221561626172388%22 is not a valid URL..
  Stack:
    remoteSettingsFunction/remoteSettings.pollChanges@resource://services-settings/remote-settings.js:203:13

1561669217942	Marionette	INFO	Stopped listening on port 55968
JavaScript error: resource://gre/modules/WebProgressChild.jsm, line 61: TypeError: this.mm.content is null
[Parent 16648, Gecko_IOThread] WARNING: pipe error: 109: file z:/task_1560988636/build/src/ipc/chromium/src/chrome/common/ipc_channel_win.cc, line 341
[Child 11216, Chrome_ChildThread] WARN
###!!! [Child][RunMessage] Error: Channel closing: too late to send/recv, messages will be lost

ING: pipe error: 109: file z:/task_1560988636/build/src/ipc/chromium/src/chrome/common/ipc_channel_win.cc, line 341
[Parent 16648, Gecko_IOThread] WARNING: pipe error: 109: file z:/task_1560988636/build/src/ipc/chromium/src/chrome/common/ipc_channel_win.cc, line 341
[Child 12420, Chrome_ChildThread] WARNING: pipe error: 109: file z:/task_1560988636/build/src/ipc/chromium/src/chrome/common/ipc_channel_win.cc, line 341
[Child 124[GPU 1
###!!! [Child][RunMessage] Error: Channel closing: too late to send/recv, messages will be lost


###!!! [Child][MessageChannel::SendAndWait] Error: Channel error: cannot send/recv

1561669251226	mozrunner::runner	INFO	Running command: "C:\\Program Files\\Mozilla Firefox\\firefox.exe" "-marionette" "-foreground" "-no-remote" "-profile" "C:\\Users\\JIROMI~1\\AppData\\Local\\Temp\\rust_mozprofile.DiPTkNks0kaJ"
1561669251603	addons.webextension.screenshots@mozilla.org	WARN	Loading extension 'screenshots@mozilla.org': Reading manifest: Invalid extension permission: mozillaAddons
1561669251604	addons.webextension.screenshots@mozilla.org	WARN	Loading extension 'screenshots@mozilla.org': Reading manifest: Invalid extension permission: resource://pdf.js/
1561669251604	addons.webextension.screenshots@mozilla.org	WARN	Loading extension 'screenshots@mozilla.org': Reading manifest: Invalid extension permission: about:reader*
1561669253407	Marionette	INFO	Listening on port 56268
1561669253438	Marionette	WARN	TLS certificate errors will be ignored for this session
JavaScript error: , line 0: NotAllowedError: The play method is not allowed by the user agent or the platform in the current context, possibly because the user denied permission.
1561669265158	Marionette	WARN	TimedPromise timed out after 500 ms: stacktrace:
bail@chrome://marionette/content/sync.js:223:64
1561669267122	Marionette	WARN	TimedPromise timed out after 500 ms: stacktrace:
bail@chrome://marionette/content/sync.js:223:64
[Parent 16332, Gecko_IOThread] WARNING: pipe error: 109: file z:/task_1560988636/build/src/ipc/chromium/src/chrome/common/ipc_channel_win.cc, line 341
JavaScript error: https://code.createjs.com/createjs-2015.11.26.min.js, line 13: NS_ERROR_FAILURE: 
JavaScript error: https://code.createjs.com/createjs-2015.11.26.min.js, line 13: NS_ERROR_FAILURE: 
JavaScript error: https://code.createjs.com/createjs-2015.11.26.min.js, line 13: NS_ERROR_FAILURE: 
JavaScript error: https://code.createjs.com/createjs-2015.11.26.min.js, line 13: NS_ERROR_FAILURE: 
JavaScript error: https://code.createjs.com/createjs-2015.11.26.min.js, line 13: NS_ERROR_FAILURE: 
JavaScript error: https://code.createjs.com/createjs-2015.11.26.min.js, line 13: NS_ERROR_FAILURE: 
JavaScript error: https://code.createjs.com/createjs-2015.11.26.min.js, line 13: NS_ERROR_FAILURE: 
JavaScript error: https://code.createjs.com/createjs-2015.11.26.min.js, line 13: NS_ERROR_FAILURE: 
JavaScript error: https://code.createjs.com/createjs-2015.11.26.min.js, line 13: NS_ERROR_FAILURE: 
JavaScript error: https://code.createjs.com/createjs-2015.11.26.min.js, line 13: NS_ERROR_FAILURE: 
JavaScript error: https://code.createjs.com/createjs-2015.11.26.min.js, line 13: NS_ERROR_FAILURE: 
JavaScript error: https://code.createjs.com/createjs-2015.11.26.min.js, line 13: NS_ERROR_FAILURE: 
JavaScript error: https://code.createjs.com/createjs-2015.11.26.min.js, line 13: NS_ERROR_FAILURE: 
JavaScript error: https://code.createjs.com/createjs-2015.11.26.min.js, line 13: NS_ERROR_FAILURE: 
JavaScript error: https://code.createjs.com/createjs-2015.11.26.min.js, line 13: NS_ERROR_FAILURE: 
JavaScript error: https://code.createjs.com/createjs-2015.11.26.min.js, line 13: NS_ERROR_FAILURE: 
JavaScript error: https://code.createjs.com/createjs-2015.11.26.min.js, line 13: NS_ERROR_FAILURE: 
JavaScript error: https://code.createjs.com/createjs-2015.11.26.min.js, line 13: NS_ERROR_FAILURE: 
JavaScript error: https://code.createjs.com/createjs-2015.11.26.min.js, line 13: NS_ERROR_FAILURE: 
JavaScript error: https://code.createjs.com/createjs-2015.11.26.min.js, line 13: NS_ERROR_FAILURE: 
JavaScript error: https://code.createjs.com/createjs-2015.11.26.min.js, line 13: NS_ERROR_FAILURE: 
[Parent 16332, Gecko_IOThread] WARNING: pipe error: 109: file z:/task_1560988636/build/src/ipc/chromium/src/chrome/common/ipc_channel_win.cc, line 341
[Parent 16332, Gecko_IOThread] WARNING: pipe error: 109: file z:/task_1560988636/build/src/ipc/chromium/src/chrome/common/ipc_channel_win.cc, line 341
[Parent 16332, Gecko_IOThread] WARNING: pipe error: 109: file z:/task_1560988636/build/src/ipc/chromium/src/chrome/common/ipc_channel_win.cc, line 341
JavaScript error: resource://gre/modules/WebProgressChild.jsm, line 61: TypeError: this.mm.content is null
[Parent 16332, Gecko_IOThread] WARNING: pipe error: 109: file z:/task_1560988636/build/src/ipc/chromium/src/chrome/common/ipc_channel_win.cc, line 341
[Child 11956, Chrome_ChildThread] WARNING: pipe error: 109: file z:/task_1560988636/build/src/ipc/chromium/src/chrome/common/ipc_channel_win.cc, line 341

###!!! [Child][MessageChannel] Error: (msgtype=0x530005,name=PHttpChannel::Msg_Cancel) Closed channel: cannot send/recv

[Child 11956, Chrome_ChildThread] WARNING: pipJavaScript error: , line 0: NotAllowedError: The play method is not allowed by the user agent or the platform in the current context, possibly because the user denied permission.
1561669351948	Marionette	WARN	TimedPromise timed out after 500 ms: stacktrace:
bail@chrome://marionette/content/sync.js:223:64
1561669353021	Marionette	WARN	TimedPromise timed out after 500 ms: stacktrace:
bail@chrome://marionette/content/sync.js:223:64
JavaScript error: , line 0: NotAllowedError: The play method is not allowed by the user agent or the platform in the current context, possibly because the user denied permission.
JavaScript error: https://ad.doubleclick.net/ddm/trackimpj/N6333.3364993AVOCETNATIVE/B22027424.237725548;dc_trk_aid=435013515;dc_trk_cid=110838219;u=2277681|9882166-x_YjBhM2I4NmQtYjI1NS00YTJhLTgzNTQtMGNlYTAwN2FiMWFjfDViM2JjNGQwN2Y5NDdjOWE1MTBhMjI0Nnw0NGIxYTBkYy1iMzhiLTM0MzktOWY0MS0zZDQzMzM1MjAyMDhfMA-||%5E%5EAVCT|5ce85910b9a6d51100b38c6c|5c3ca22f65fd5b4d29b26749|44b1a0dc-b38b-3439-9f41-3d4333520208_0%5E%5E||;ord=1561669377;dc_lat=;dc_rdid=;tag_for_child_directed_treatment=;tfua=?&727790979, line 1: TypeError: document.body is null
JavaScript error: resource://gre/modules/WebProgressChild.jsm, line 61: TypeError: this.mm.content is null
[Child 120, Chrome_ChildThread] WARNING: pipe error: 109: file z:/task_1560988636/build/src/ipc/chromium/src/chrom[Child 11880, Chrome_ChildThread] WARNING: pipe error: 109: file z:/task_1560988636/build/src/ipc/chromium/src/chrome/common/ipc_channel_win.cc, line 341
[Child 11880, Chrome_1561669391426	Marionette	INFO	Stopped listening on port 63838

###!!! [Child][RunMessage] Error: Channel closing: too late to send/recv, messages will be lost

[GPU 2440, Chrome_Chnnel_win.cc, line 341
[Child 4440, Chrome_ChildThread] WARNING: pipe error: 109: file z:/task_1560988636/build/src/ipc/chromium/src/chrome/common/ipc_channel_win.cc, line 341
[Child 4440,1561669341747	Marionette	INFO	Stopped listening on port 56268

###!!! [Child][RunMessage] Error: Channel closing: too late to send/recv, messages will be lost

[GPU 8304, Chro
###!!! [Child][MessageChannel::SendAndWait] Error: Channel error: cannot send/recv

1561669385074	mozrunner::runner	INFO	Running command: "C:\\Program Files\\Mozilla Firefox\\firefox.exe" "-marionette" "-foreground" "-no-remote" "-profile" "C:\\Users\\JIROMI~1\\AppData\\Local\\Temp\\rust_mozprofile.BICX1GYD8hgd"
1561669386132	addons.webextension.screenshots@mozilla.org	WARN	Loading extension 'screenshots@mozilla.org': Reading manifest: Invalid extension permission: mozillaAddons
1561669386132	addons.webextension.screenshots@mozilla.org	WARN	Loading extension 'screenshots@mozilla.org': Reading manifest: Invalid extension permission: resource://pdf.js/
1561669386132	addons.webextension.screenshots@mozilla.org	WARN	Loading extension 'screenshots@mozilla.org': Reading manifest: Invalid extension permission: about:reader*
1561669388254	Marionette	INFO	Listening on port 54236
1561669388289	Marionette	WARN	TLS certificate errors will be ignored for this session
1561669402678	Marionette	WARN	TimedPromise timed out after 500 ms: stacktrace:
bail@chrome://marionette/content/sync.js:223:64
1561669411324	Marionette	INFO	Stopped listening on port 54236
[Child 1212, Chrome_ChildThread] WARNING: pipe error: 109: file z:/task_1560988636/build/src/ipc/chromium/src/chrome/common/ipc_channel_win.cc, line 341
[Child 1212, ChromJavaScript error: resource://gre/modules/WebProgressChild.jsm, line 61: TypeError: this.mm.content is null
[Child 17248, Chrome_ChildThread] WARNING: pipe error: 109: file z:/task_1560988636/build/src/ipc/chromium/src/chrome/common/ipc_c
###!!! [Child][MessageChannel] Error: (msgtype=0x3600BA,name=PContent::Msg_ScriptError) Channel closing: too late to send/recv, messages will be lost

hannel_win.cc, line 341

###!!! [Child][RunMessage] Error: Channel closing: too late to send/recv, messages will be lost

[Child 17248, Chrome_ChildThread] WARNING: pipe error: 109: file z:/task_1560988636/build/src/ipc/chromium/src/chrome/common/ipc_channel_win.cc, line 341
[Parent 12520, Gecko_IOThread] WARNING: pipe error: 109: file z:/task_1560988636/build/src/ipc/chromium/src/chrome/common/ipc_channel_win.cc, line 341
[GPU 8208, 
###!!! [Child][MessageChannel::SendAndWait] Error: Channel error: cannot send/recv

1561669420581	mozrunner::runner	INFO	Running command: "C:\\Program Files\\Mozilla Firefox\\firefox.exe" "-marionette" "-foreground" "-no-remote" "-profile" "C:\\Users\\JIROMI~1\\AppData\\Local\\Temp\\rust_mozprofile.3dNMefAENxdP"
1561669420986	addons.webextension.screenshots@mozilla.org	WARN	Loading extension 'screenshots@mozilla.org': Reading manifest: Invalid extension permission: mozillaAddons
1561669420986	addons.webextension.screenshots@mozilla.org	WARN	Loading extension 'screenshots@mozilla.org': Reading manifest: Invalid extension permission: resource://pdf.js/
1561669420987	addons.webextension.screenshots@mozilla.org	WARN	Loading extension 'screenshots@mozilla.org': Reading manifest: Invalid extension permission: about:reader*
1561669422743	Marionette	INFO	Listening on port 54545
1561669422796	Marionette	WARN	TLS certificate errors will be ignored for this session
JavaScript error: , line 0: NotAllowedError: The play method is not allowed by the user agent or the platform in the current context, possibly because the user denied permission.
1561669435700	Marionette	WARN	TimedPromise timed out after 500 ms: stacktrace:
bail@chrome://marionette/content/sync.js:223:64
1561669436820	Marionette	WARN	TimedPromise timed out after 500 ms: stacktrace:
bail@chrome://marionette/content/sync.js:223:64
1561669444599	Marionette	INFO	Stopped listening on port 54545
[Child 8136, Chrome_ChildThread] WARNING: pipe error: 109: file z:/task_1560988636/build/src/ipc/chromium/src/chrome/common/ipc_channel_win.cc, line 341
[Child 8136, Chrome_ChildThread] WARNING: pipe error: 109: file z:/task_1560988636/build/src/ipc/chromium/src/chrome/common/ipc_channel_win.cc, line 341

###!!! [Child][MessageChannel] Error: (msgtype=0x530005,name=PHttpChannel::Msg_Cancel) Closed channel: cannot send/recv


###!!! [Child][MessageChannel] Error: (msgtype=0x530005,name=PHttpChannel::Msg_Cancel) Closed channel: cannot send/recv

[Parent 10332, Gecko_IOThread] WARNING: pipe error: 109: file z:/task_1560988636/build/src/ipc/chromium/src/chrome/common/ipc_channel_win.cc, line 341
[Child 4580, Chrome_ChildThread] WARNING: pipe error: 109: file z:/task_1560988636/build/src/ipc/chromium/src/chrome/common/ipc_channel_win.cc, line 341
[Child 4
###!!! [Child][RunMessage] Error: Channel closing: too late to send/recv, messages will be lost

[GPU 3528, Ch
###!!! [Child][MessageChannel::SendAndWait] Error: Channel error: cannot send/recv

